Flow report for WashingMachine07
Tue Jun 14 22:39:27 2022
Quartus Prime Version 20.1.1 Build 720 11/11/2020 SJ Lite Edition


---------------------
; Table of Contents ;
---------------------
  1. Legal Notice
  2. Flow Summary
  3. Flow Settings
  4. Flow Non-Default Global Settings
  5. Flow Elapsed Time
  6. Flow OS Summary
  7. Flow Log
  8. Flow Messages
  9. Flow Suppressed Messages



----------------
; Legal Notice ;
----------------
Copyright (C) 2020  Intel Corporation. All rights reserved.
Your use of Intel Corporation's design tools, logic functions 
and other software and tools, and any partner logic 
functions, and any output files from any of the foregoing 
(including device programming or simulation files), and any 
associated documentation or information are expressly subject 
to the terms and conditions of the Intel Program License 
Subscription Agreement, the Intel Quartus Prime License Agreement,
the Intel FPGA IP License Agreement, or other applicable license
agreement, including, without limitation, that your use is for
the sole purpose of programming logic devices manufactured by
Intel and sold by Intel or its authorized distributors.  Please
refer to the applicable agreement for further details, at
https://fpgasoftware.intel.com/eula.



+----------------------------------------------------------------------------------+
; Flow Summary                                                                     ;
+------------------------------------+---------------------------------------------+
; Flow Status                        ; Successful - Tue Jun 14 22:39:27 2022       ;
; Quartus Prime Version              ; 20.1.1 Build 720 11/11/2020 SJ Lite Edition ;
; Revision Name                      ; WashingMachine07                            ;
; Top-level Entity Name              ; Regi                                        ;
; Family                             ; Cyclone IV E                                ;
; Device                             ; EP4CE115F29C7                               ;
; Timing Models                      ; Final                                       ;
; Total logic elements               ; 5 / 114,480 ( < 1 % )                       ;
;     Total combinational functions  ; 0 / 114,480 ( 0 % )                         ;
;     Dedicated logic registers      ; 5 / 114,480 ( < 1 % )                       ;
; Total registers                    ; 5                                           ;
; Total pins                         ; 11 / 529 ( 2 % )                            ;
; Total virtual pins                 ; 0                                           ;
; Total memory bits                  ; 0 / 3,981,312 ( 0 % )                       ;
; Embedded Multiplier 9-bit elements ; 0 / 532 ( 0 % )                             ;
; Total PLLs                         ; 0 / 4 ( 0 % )                               ;
+------------------------------------+---------------------------------------------+


+-----------------------------------------+
; Flow Settings                           ;
+-------------------+---------------------+
; Option            ; Setting             ;
+-------------------+---------------------+
; Start date & time ; 06/14/2022 22:38:52 ;
; Main task         ; Compilation         ;
; Revision Name     ; WashingMachine07    ;
+-------------------+---------------------+


+---------------------------------------------------------------------------------------------------------------------------------------------------+
; Flow Non-Default Global Settings                                                                                                                  ;
+-------------------------------------+----------------------------------------+------------------+-------------+-----------------------------------+
; Assignment Name                     ; Value                                  ; Default Value    ; Entity Name ; Section Id                        ;
+-------------------------------------+----------------------------------------+------------------+-------------+-----------------------------------+
; COMPILER_SIGNATURE_ID               ; 198642183605955.165524273220020        ; --               ; --          ; --                                ;
; EDA_BOARD_DESIGN_BOUNDARY_SCAN_TOOL ; BSDL (Boundary Scan)                   ; <None>           ; --          ; --                                ;
; EDA_GENERATE_FUNCTIONAL_NETLIST     ; Off                                    ; --               ; --          ; eda_board_design_timing           ;
; EDA_GENERATE_FUNCTIONAL_NETLIST     ; Off                                    ; --               ; --          ; eda_board_design_boundary_scan    ;
; EDA_GENERATE_FUNCTIONAL_NETLIST     ; Off                                    ; --               ; --          ; eda_board_design_signal_integrity ;
; EDA_GENERATE_FUNCTIONAL_NETLIST     ; Off                                    ; --               ; --          ; eda_board_design_symbol           ;
; EDA_OUTPUT_DATA_FORMAT              ; Vhdl                                   ; --               ; --          ; eda_simulation                    ;
; EDA_OUTPUT_DATA_FORMAT              ; Bsdl                                   ; --               ; --          ; eda_board_design_boundary_scan    ;
; EDA_SIMULATION_TOOL                 ; ModelSim-Altera (VHDL)                 ; <None>           ; --          ; --                                ;
; EDA_TIME_SCALE                      ; 1 ps                                   ; --               ; --          ; eda_simulation                    ;
; MAX_CORE_JUNCTION_TEMP              ; 85                                     ; --               ; --          ; --                                ;
; MIN_CORE_JUNCTION_TEMP              ; 0                                      ; --               ; --          ; --                                ;
; NOMINAL_CORE_SUPPLY_VOLTAGE         ; 1.2V                                   ; --               ; --          ; --                                ;
; NUM_PARALLEL_PROCESSORS             ; All                                    ; --               ; --          ; --                                ;
; PARTITION_COLOR                     ; -- (Not supported for targeted family) ; --               ; Regi        ; Top                               ;
; PARTITION_FITTER_PRESERVATION_LEVEL ; -- (Not supported for targeted family) ; --               ; Regi        ; Top                               ;
; PARTITION_NETLIST_TYPE              ; -- (Not supported for targeted family) ; --               ; Regi        ; Top                               ;
; POWER_BOARD_THERMAL_MODEL           ; None (CONSERVATIVE)                    ; --               ; --          ; --                                ;
; POWER_PRESET_COOLING_SOLUTION       ; 23 MM HEAT SINK WITH 200 LFPM AIRFLOW  ; --               ; --          ; --                                ;
; PROJECT_OUTPUT_DIRECTORY            ; output_files                           ; --               ; --          ; --                                ;
; TOP_LEVEL_ENTITY                    ; Regi                                   ; WashingMachine07 ; --          ; --                                ;
+-------------------------------------+----------------------------------------+------------------+-------------+-----------------------------------+


+--------------------------------------------------------------------------------------------------------------------------+
; Flow Elapsed Time                                                                                                        ;
+----------------------+--------------+-------------------------+---------------------+------------------------------------+
; Module Name          ; Elapsed Time ; Average Processors Used ; Peak Virtual Memory ; Total CPU Time (on all processors) ;
+----------------------+--------------+-------------------------+---------------------+------------------------------------+
; Analysis & Synthesis ; 00:00:11     ; 1.0                     ; 4785 MB             ; 00:00:24                           ;
; Fitter               ; 00:00:12     ; 1.0                     ; 5686 MB             ; 00:00:15                           ;
; Assembler            ; 00:00:03     ; 1.0                     ; 4685 MB             ; 00:00:03                           ;
; Timing Analyzer      ; 00:00:03     ; 1.0                     ; 4844 MB             ; 00:00:02                           ;
; EDA Netlist Writer   ; 00:00:02     ; 1.0                     ; 4655 MB             ; 00:00:02                           ;
; Total                ; 00:00:31     ; --                      ; --                  ; 00:00:46                           ;
+----------------------+--------------+-------------------------+---------------------+------------------------------------+


+------------------------------------------------------------------------------------+
; Flow OS Summary                                                                    ;
+----------------------+------------------+------------+------------+----------------+
; Module Name          ; Machine Hostname ; OS Name    ; OS Version ; Processor type ;
+----------------------+------------------+------------+------------+----------------+
; Analysis & Synthesis ; LAPTOP-S4A9AOKC  ; Windows 10 ; 10.0       ; x86_64         ;
; Fitter               ; LAPTOP-S4A9AOKC  ; Windows 10 ; 10.0       ; x86_64         ;
; Assembler            ; LAPTOP-S4A9AOKC  ; Windows 10 ; 10.0       ; x86_64         ;
; Timing Analyzer      ; LAPTOP-S4A9AOKC  ; Windows 10 ; 10.0       ; x86_64         ;
; EDA Netlist Writer   ; LAPTOP-S4A9AOKC  ; Windows 10 ; 10.0       ; x86_64         ;
+----------------------+------------------+------------+------------+----------------+


------------
; Flow Log ;
------------
quartus_map --read_settings_files=on --write_settings_files=off WashingMachine07 -c WashingMachine07
quartus_fit --read_settings_files=off --write_settings_files=off WashingMachine07 -c WashingMachine07
quartus_asm --read_settings_files=off --write_settings_files=off WashingMachine07 -c WashingMachine07
quartus_sta WashingMachine07 -c WashingMachine07
quartus_eda --read_settings_files=off --write_settings_files=off WashingMachine07 -c WashingMachine07



